<?xml version="1.0" encoding="UTF-8"?>
<testsuite name="basic.MemoApplicationTests" tests="3" skipped="0" failures="0" errors="0" timestamp="2023-02-28T05:05:20" hostname="MacBook-Air-2.local" time="0.179">
  <properties/>
  <testcase name="메모목록조회" classname="basic.MemoApplicationTests" time="0.173"/>
  <testcase name="메모수정" classname="basic.MemoApplicationTests" time="0.003"/>
  <testcase name="메모저장" classname="basic.MemoApplicationTests" time="0.001"/>
  <system-out><![CDATA[14:05:19.876 [Test worker] DEBUG org.springframework.boot.test.context.SpringBootTestContextBootstrapper - Neither @ContextConfiguration nor @ContextHierarchy found for test class [MemoApplicationTests]: using SpringBootContextLoader
14:05:19.878 [Test worker] DEBUG org.springframework.test.context.support.AbstractContextLoader - Could not detect default resource locations for test class [basic.MemoApplicationTests]: no resource found for suffixes {-context.xml, Context.groovy}.
14:05:19.879 [Test worker] INFO org.springframework.test.context.support.AnnotationConfigContextLoaderUtils - Could not detect default configuration classes for test class [basic.MemoApplicationTests]: MemoApplicationTests does not declare any static, non-private, non-final, nested classes annotated with @Configuration.
14:05:19.888 [Test worker] DEBUG org.springframework.boot.test.context.SpringBootTestContextBootstrapper - Using ContextCustomizers for test class [MemoApplicationTests]: [DisableObservabilityContextCustomizer, PropertyMappingContextCustomizer, Customizer, ExcludeFilterContextCustomizer, DuplicateJsonObjectContextCustomizer, MockitoContextCustomizer, TestRestTemplateContextCustomizer]
14:05:19.918 [Test worker] DEBUG org.springframework.context.annotation.ClassPathScanningCandidateComponentProvider - Identified candidate component class: file [/Users/kimsejin/Desktop/memo/build/classes/java/main/basic/MemoApplication.class]
14:05:19.919 [Test worker] INFO org.springframework.boot.test.context.SpringBootTestContextBootstrapper - Found @SpringBootConfiguration basic.MemoApplication for test class basic.MemoApplicationTests
14:05:19.953 [Test worker] DEBUG org.springframework.test.context.util.TestContextSpringFactoriesUtils - Skipping candidate TestExecutionListener [org.springframework.test.context.transaction.TransactionalTestExecutionListener] due to a missing dependency. Specify custom TestExecutionListener classes or make the default TestExecutionListener classes and their required dependencies available. Offending class: [org/springframework/transaction/interceptor/TransactionAttributeSource]
14:05:19.953 [Test worker] DEBUG org.springframework.test.context.util.TestContextSpringFactoriesUtils - Skipping candidate TestExecutionListener [org.springframework.test.context.jdbc.SqlScriptsTestExecutionListener] due to a missing dependency. Specify custom TestExecutionListener classes or make the default TestExecutionListener classes and their required dependencies available. Offending class: [org/springframework/transaction/interceptor/TransactionAttribute]
14:05:19.954 [Test worker] DEBUG org.springframework.boot.test.context.SpringBootTestContextBootstrapper - Using TestExecutionListeners for test class [MemoApplicationTests]: [ServletTestExecutionListener, DirtiesContextBeforeModesTestExecutionListener, ApplicationEventsTestExecutionListener, MockitoTestExecutionListener, DependencyInjectionTestExecutionListener, DirtiesContextTestExecutionListener, EventPublishingTestExecutionListener, RestDocsTestExecutionListener, MockRestServiceServerResetTestExecutionListener, MockMvcPrintOnlyOnFailureTestExecutionListener, WebDriverTestExecutionListener, MockWebServiceServerTestExecutionListener, ResetMocksTestExecutionListener]
14:05:19.955 [Test worker] DEBUG org.springframework.test.context.support.AbstractDirtiesContextTestExecutionListener - Before test class: class [MemoApplicationTests], class annotated with @DirtiesContext [false] with mode [null]

  .   ____          _            __ _ _
 /\\ / ___'_ __ _ _(_)_ __  __ _ \ \ \ \
( ( )\___ | '_ | '_| | '_ \/ _` | \ \ \ \
 \\/  ___)| |_)| | | | | || (_| |  ) ) ) )
  '  |____| .__|_| |_|_| |_\__, | / / / /
 =========|_|==============|___/=/_/_/_/
 :: Spring Boot ::                (v3.0.3)

2023-02-28T14:05:20.064+09:00  INFO 26906 --- [    Test worker] basic.MemoApplicationTests               : Starting MemoApplicationTests using Java 17.0.6 with PID 26906 (started by kimsejin in /Users/kimsejin/Desktop/memo)
2023-02-28T14:05:20.064+09:00  INFO 26906 --- [    Test worker] basic.MemoApplicationTests               : No active profile set, falling back to 1 default profile: "default"
2023-02-28T14:05:20.446+09:00  INFO 26906 --- [    Test worker] o.s.b.a.w.s.WelcomePageHandlerMapping    : Adding welcome page: class path resource [static/index.html]
2023-02-28T14:05:20.512+09:00  INFO 26906 --- [    Test worker] basic.MemoApplicationTests               : Started MemoApplicationTests in 0.537 seconds (process running for 0.982)
]]></system-out>
  <system-err><![CDATA[]]></system-err>
</testsuite>
